<?xml version="1.0" encoding="UTF-8"?>
<coverage generated="1603650207251" clover="3.2.0">
  <project timestamp="1603650207251" name="All files">
    <metrics statements="7" coveredstatements="7" conditionals="0" coveredconditionals="0" methods="5" coveredmethods="5" elements="12" coveredelements="12" complexity="0" loc="7" ncloc="7" packages="1" files="1" classes="1"/>
    <file name="calculator.js" path="/Volumes/Software Development/jest-testing-tutorial/calculator.js">
      <metrics statements="7" coveredstatements="7" conditionals="0" coveredconditionals="0" methods="5" coveredmethods="5"/>
      <line num="1" count="1" type="stmt"/>
      <line num="3" count="9" type="stmt"/>
      <line num="6" count="9" type="stmt"/>
      <line num="9" count="9" type="stmt"/>
      <line num="12" count="9" type="stmt"/>
      <line num="15" count="9" type="stmt"/>
      <line num="19" count="1" type="stmt"/>
    </file>
  </project>
</coverage>
