<?xml version="1.0" encoding="UTF-8"?>
<coverage generated="1603656676979" clover="3.2.0">
  <project timestamp="1603656676979" name="All files">
    <metrics statements="12" coveredstatements="12" conditionals="0" coveredconditionals="0" methods="9" coveredmethods="9" elements="21" coveredelements="21" complexity="0" loc="12" ncloc="12" packages="1" files="1" classes="1"/>
    <file name="calculator.js" path="/Volumes/Software Development/jest-testing-tutorial/calculator.js">
      <metrics statements="12" coveredstatements="12" conditionals="0" coveredconditionals="0" methods="9" coveredmethods="9"/>
      <line num="1" count="1" type="stmt"/>
      <line num="3" count="9" type="stmt"/>
      <line num="6" count="9" type="stmt"/>
      <line num="9" count="9" type="stmt"/>
      <line num="12" count="9" type="stmt"/>
      <line num="15" count="9" type="stmt"/>
      <line num="19" count="1" type="stmt"/>
      <line num="21" count="1" type="stmt"/>
      <line num="24" count="1" type="stmt"/>
      <line num="27" count="1" type="stmt"/>
      <line num="30" count="2" type="stmt"/>
      <line num="34" count="1" type="stmt"/>
    </file>
  </project>
</coverage>
