TN:
SF:calculator.js
FN:2,(anonymous_0)
FN:5,(anonymous_1)
FN:8,(anonymous_2)
FN:11,(anonymous_3)
FN:14,(anonymous_4)
FN:20,(anonymous_5)
FN:23,(anonymous_6)
FN:26,(anonymous_7)
FN:29,(anonymous_8)
FNF:9
FNH:9
FNDA:9,(anonymous_0)
FNDA:9,(anonymous_1)
FNDA:9,(anonymous_2)
FNDA:9,(anonymous_3)
FNDA:9,(anonymous_4)
FNDA:1,(anonymous_5)
FNDA:1,(anonymous_6)
FNDA:1,(anonymous_7)
FNDA:2,(anonymous_8)
DA:1,1
DA:3,9
DA:6,9
DA:9,9
DA:12,9
DA:15,9
DA:19,1
DA:21,1
DA:24,1
DA:27,1
DA:30,2
DA:34,1
LF:12
LH:12
BRF:0
BRH:0
end_of_record
